0 info it worked if it ends with ok
1 verbose cli [ '/usr/bin/node',
1 verbose cli   '/usr/bin/npm',
1 verbose cli   'install',
1 verbose cli   'gulp-minify',
1 verbose cli   '--save' ]
2 info using npm@2.11.3
3 info using node@v0.12.7
4 verbose node symlink /usr/bin/node
5 verbose install initial load of /home/vagrant/www/laravel_commerce1/package.json
6 verbose installManyTop reading scoped package data from /home/vagrant/www/laravel_commerce1/node_modules/bootstrap-sass/package.json
7 verbose installManyTop reading scoped package data from /home/vagrant/www/laravel_commerce1/node_modules/gulp/package.json
8 verbose installManyTop reading scoped package data from /home/vagrant/www/laravel_commerce1/node_modules/gulp-concat/package.json
9 verbose installManyTop reading scoped package data from /home/vagrant/www/laravel_commerce1/node_modules/gulp-livereload/package.json
10 verbose installManyTop reading scoped package data from /home/vagrant/www/laravel_commerce1/node_modules/gulp-uglify/package.json
11 verbose installManyTop reading scoped package data from /home/vagrant/www/laravel_commerce1/node_modules/laravel-elixir/package.json
12 verbose installManyTop reading scoped package data from /home/vagrant/www/laravel_commerce1/node_modules/rimraf/package.json
13 verbose readDependencies loading dependencies from /home/vagrant/www/laravel_commerce1/package.json
14 silly cache add args [ 'gulp-minify', null ]
15 verbose cache add spec gulp-minify
16 silly cache add parsed spec { raw: 'gulp-minify',
16 silly cache add   scope: null,
16 silly cache add   name: 'gulp-minify',
16 silly cache add   rawSpec: '',
16 silly cache add   spec: '*',
16 silly cache add   type: 'range' }
17 silly addNamed gulp-minify@*
18 verbose addNamed "*" is a valid semver range for gulp-minify
19 silly addNameRange { name: 'gulp-minify', range: '*', hasData: false }
20 silly mapToRegistry name gulp-minify
21 silly mapToRegistry using default registry
22 silly mapToRegistry registry https://registry.npmjs.org/
23 silly mapToRegistry uri https://registry.npmjs.org/gulp-minify
24 verbose addNameRange registry:https://registry.npmjs.org/gulp-minify not in flight; fetching
25 verbose request uri https://registry.npmjs.org/gulp-minify
26 verbose request no auth needed
27 info attempt registry request try #1 at 16:59:27
28 verbose request id 8831db53050c1013
29 http request GET https://registry.npmjs.org/gulp-minify
30 info retry will retry, error on last attempt: Error: getaddrinfo EAI_AGAIN
31 info attempt registry request try #2 at 16:59:57
32 http request GET https://registry.npmjs.org/gulp-minify
33 info retry will retry, error on last attempt: Error: getaddrinfo EAI_AGAIN
34 info attempt registry request try #3 at 17:01:17
35 http request GET https://registry.npmjs.org/gulp-minify
36 verbose stack Error: getaddrinfo EAI_AGAIN
36 verbose stack     at Object.exports._errnoException (util.js:746:11)
36 verbose stack     at errnoException (dns.js:49:15)
36 verbose stack     at GetAddrInfoReqWrap.onlookup [as oncomplete] (dns.js:94:26)
37 verbose cwd /home/vagrant/www/laravel_commerce1
38 error Linux 3.2.0-23-generic-pae
39 error argv "/usr/bin/node" "/usr/bin/npm" "install" "gulp-minify" "--save"
40 error node v0.12.7
41 error npm  v2.11.3
42 error code EAI_AGAIN
43 error errno EAI_AGAIN
44 error syscall getaddrinfo
45 error getaddrinfo EAI_AGAIN
46 error If you need help, you may report this error at:
46 error     <https://github.com/npm/npm/issues>
47 verbose exit [ 1, true ]
